{"C:\\ai_recuirter\\ai-recruiter\\next.config.mjs": {"path":"C:\\ai_recuirter\\ai-recruiter\\next.config.mjs","all":true,"statementMap":{"0":{"start":{"line":1,"column":0},"end":{"line":1,"column":40}},"1":{"start":{"line":2,"column":0},"end":{"line":2,"column":20}},"2":{"start":{"line":3,"column":0},"end":{"line":3,"column":24}},"3":{"start":{"line":4,"column":0},"end":{"line":4,"column":17}},"4":{"start":{"line":5,"column":0},"end":{"line":5,"column":21}},"5":{"start":{"line":6,"column":0},"end":{"line":6,"column":3}},"6":{"start":{"line":7,"column":0},"end":{"line":7,"column":2}},"7":{"start":{"line":8,"column":0},"end":{"line":8,"column":0}},"8":{"start":{"line":9,"column":0},"end":{"line":9,"column":26}}},"s":{"0":0,"1":0,"2":0,"3":0,"4":0,"5":0,"6":0,"7":0,"8":0},"branchMap":{"0":{"type":"branch","line":1,"loc":{"start":{"line":1,"column":169},"end":{"line":9,"column":26}},"locations":[{"start":{"line":1,"column":169},"end":{"line":9,"column":26}}]}},"b":{"0":[0]},"fnMap":{"0":{"name":"(empty-report)","decl":{"start":{"line":1,"column":169},"end":{"line":9,"column":26}},"loc":{"start":{"line":1,"column":169},"end":{"line":9,"column":26}},"line":1}},"f":{"0":0}}
,"C:\\ai_recuirter\\ai-recruiter\\app\\layout.tsx": {"path":"C:\\ai_recuirter\\ai-recruiter\\app\\layout.tsx","all":true,"statementMap":{"0":{"start":{"line":1,"column":0},"end":{"line":1,"column":23}},"1":{"start":{"line":2,"column":0},"end":{"line":2,"column":48}},"3":{"start":{"line":4,"column":0},"end":{"line":4,"column":25}},"4":{"start":{"line":5,"column":0},"end":{"line":5,"column":24}},"5":{"start":{"line":6,"column":0},"end":{"line":6,"column":47}},"6":{"start":{"line":7,"column":0},"end":{"line":7,"column":2}},"8":{"start":{"line":9,"column":0},"end":{"line":9,"column":81}},"9":{"start":{"line":10,"column":0},"end":{"line":10,"column":10}},"10":{"start":{"line":11,"column":0},"end":{"line":11,"column":20}},"11":{"start":{"line":12,"column":0},"end":{"line":12,"column":12}},"12":{"start":{"line":13,"column":0},"end":{"line":13,"column":18}},"13":{"start":{"line":14,"column":0},"end":{"line":14,"column":79}},"14":{"start":{"line":15,"column":0},"end":{"line":15,"column":20}},"15":{"start":{"line":16,"column":0},"end":{"line":16,"column":14}},"16":{"start":{"line":17,"column":0},"end":{"line":17,"column":13}},"17":{"start":{"line":18,"column":0},"end":{"line":18,"column":11}},"19":{"start":{"line":20,"column":0},"end":{"line":20,"column":1}}},"s":{"0":0,"1":0,"3":0,"4":0,"5":0,"6":0,"8":0,"9":0,"10":0,"11":0,"12":0,"13":0,"14":0,"15":0,"16":0,"17":0,"19":0},"branchMap":{"0":{"type":"branch","line":1,"loc":{"start":{"line":1,"column":490},"end":{"line":20,"column":1}},"locations":[{"start":{"line":1,"column":490},"end":{"line":20,"column":1}}]}},"b":{"0":[0]},"fnMap":{"0":{"name":"(empty-report)","decl":{"start":{"line":1,"column":490},"end":{"line":20,"column":1}},"loc":{"start":{"line":1,"column":490},"end":{"line":20,"column":1}},"line":1}},"f":{"0":0}}
,"C:\\ai_recuirter\\ai-recruiter\\app\\page.tsx": {"path":"C:\\ai_recuirter\\ai-recruiter\\app\\page.tsx","all":true,"statementMap":{"0":{"start":{"line":1,"column":0},"end":{"line":1,"column":36}},"1":{"start":{"line":2,"column":0},"end":{"line":2,"column":10}},"2":{"start":{"line":3,"column":0},"end":{"line":3,"column":10}},"3":{"start":{"line":4,"column":0},"end":{"line":4,"column":27}},"4":{"start":{"line":5,"column":0},"end":{"line":5,"column":59}},"5":{"start":{"line":6,"column":0},"end":{"line":6,"column":10}},"6":{"start":{"line":7,"column":0},"end":{"line":7,"column":32}},"7":{"start":{"line":8,"column":0},"end":{"line":8,"column":50}},"8":{"start":{"line":9,"column":0},"end":{"line":9,"column":11}},"9":{"start":{"line":10,"column":0},"end":{"line":10,"column":11}},"11":{"start":{"line":12,"column":0},"end":{"line":12,"column":1}}},"s":{"0":0,"1":0,"2":0,"3":0,"4":0,"5":0,"6":0,"7":0,"8":0,"9":0,"11":0},"branchMap":{"0":{"type":"branch","line":1,"loc":{"start":{"line":1,"column":283},"end":{"line":12,"column":1}},"locations":[{"start":{"line":1,"column":283},"end":{"line":12,"column":1}}]}},"b":{"0":[0]},"fnMap":{"0":{"name":"(empty-report)","decl":{"start":{"line":1,"column":283},"end":{"line":12,"column":1}},"loc":{"start":{"line":1,"column":283},"end":{"line":12,"column":1}},"line":1}},"f":{"0":0}}
,"C:\\ai_recuirter\\ai-recruiter\\app\\api\\auth\\login\\route.ts": {"path":"C:\\ai_recuirter\\ai-recruiter\\app\\api\\auth\\login\\route.ts","all":false,"statementMap":{"0":{"start":{"line":1,"column":0},"end":{"line":1,"column":43}},"2":{"start":{"line":3,"column":0},"end":{"line":3,"column":42}},"3":{"start":{"line":4,"column":0},"end":{"line":4,"column":29}},"5":{"start":{"line":6,"column":0},"end":{"line":6,"column":41}},"6":{"start":{"line":7,"column":0},"end":{"line":7,"column":1}}},"s":{"0":1,"2":1,"3":1,"5":1,"6":1},"branchMap":{"0":{"type":"branch","line":3,"loc":{"start":{"line":3,"column":0},"end":{"line":7,"column":1}},"locations":[{"start":{"line":3,"column":0},"end":{"line":7,"column":1}}]}},"b":{"0":[1]},"fnMap":{"0":{"name":"POST","decl":{"start":{"line":3,"column":0},"end":{"line":7,"column":1}},"loc":{"start":{"line":3,"column":0},"end":{"line":7,"column":1}},"line":3}},"f":{"0":1}}
,"C:\\ai_recuirter\\ai-recruiter\\app\\login\\page.tsx": {"path":"C:\\ai_recuirter\\ai-recruiter\\app\\login\\page.tsx","all":true,"statementMap":{"0":{"start":{"line":1,"column":0},"end":{"line":1,"column":53}},"2":{"start":{"line":3,"column":0},"end":{"line":3,"column":58}},"4":{"start":{"line":5,"column":0},"end":{"line":5,"column":37}},"5":{"start":{"line":6,"column":0},"end":{"line":6,"column":10}},"6":{"start":{"line":7,"column":0},"end":{"line":7,"column":17}},"7":{"start":{"line":8,"column":0},"end":{"line":8,"column":25}},"8":{"start":{"line":9,"column":0},"end":{"line":9,"column":70}},"9":{"start":{"line":10,"column":0},"end":{"line":10,"column":22}},"10":{"start":{"line":11,"column":0},"end":{"line":11,"column":27}},"11":{"start":{"line":12,"column":0},"end":{"line":12,"column":31}},"12":{"start":{"line":13,"column":0},"end":{"line":13,"column":22}},"13":{"start":{"line":14,"column":0},"end":{"line":14,"column":7}},"14":{"start":{"line":15,"column":0},"end":{"line":15,"column":19}},"15":{"start":{"line":16,"column":0},"end":{"line":16,"column":22}},"16":{"start":{"line":17,"column":0},"end":{"line":17,"column":22}},"17":{"start":{"line":18,"column":0},"end":{"line":18,"column":9}},"18":{"start":{"line":19,"column":0},"end":{"line":19,"column":21}},"19":{"start":{"line":20,"column":0},"end":{"line":20,"column":30}},"20":{"start":{"line":21,"column":0},"end":{"line":21,"column":31}},"21":{"start":{"line":22,"column":0},"end":{"line":22,"column":11}},"22":{"start":{"line":23,"column":0},"end":{"line":23,"column":23}},"23":{"start":{"line":24,"column":0},"end":{"line":24,"column":22}},"24":{"start":{"line":25,"column":0},"end":{"line":25,"column":23}},"25":{"start":{"line":26,"column":0},"end":{"line":26,"column":36}},"26":{"start":{"line":27,"column":0},"end":{"line":27,"column":32}},"27":{"start":{"line":28,"column":0},"end":{"line":28,"column":34}},"28":{"start":{"line":29,"column":0},"end":{"line":29,"column":28}},"29":{"start":{"line":30,"column":0},"end":{"line":30,"column":33}},"30":{"start":{"line":31,"column":0},"end":{"line":31,"column":37}},"31":{"start":{"line":32,"column":0},"end":{"line":32,"column":56}},"32":{"start":{"line":33,"column":0},"end":{"line":33,"column":13}},"33":{"start":{"line":34,"column":0},"end":{"line":34,"column":26}},"34":{"start":{"line":35,"column":0},"end":{"line":35,"column":31}},"35":{"start":{"line":36,"column":0},"end":{"line":36,"column":33}},"36":{"start":{"line":37,"column":0},"end":{"line":37,"column":31}},"37":{"start":{"line":38,"column":0},"end":{"line":38,"column":15}},"39":{"start":{"line":40,"column":0},"end":{"line":40,"column":19}},"40":{"start":{"line":41,"column":0},"end":{"line":41,"column":16}},"41":{"start":{"line":42,"column":0},"end":{"line":42,"column":22}},"42":{"start":{"line":43,"column":0},"end":{"line":43,"column":32}},"43":{"start":{"line":44,"column":0},"end":{"line":44,"column":30}},"44":{"start":{"line":45,"column":0},"end":{"line":45,"column":26}},"45":{"start":{"line":46,"column":0},"end":{"line":46,"column":22}},"46":{"start":{"line":47,"column":0},"end":{"line":47,"column":35}},"47":{"start":{"line":48,"column":0},"end":{"line":48,"column":55}},"48":{"start":{"line":49,"column":0},"end":{"line":49,"column":13}},"50":{"start":{"line":51,"column":0},"end":{"line":51,"column":15}},"51":{"start":{"line":52,"column":0},"end":{"line":52,"column":21}},"52":{"start":{"line":53,"column":0},"end":{"line":53,"column":46}},"53":{"start":{"line":54,"column":0},"end":{"line":54,"column":22}},"54":{"start":{"line":55,"column":0},"end":{"line":55,"column":33}},"55":{"start":{"line":56,"column":0},"end":{"line":56,"column":55}},"56":{"start":{"line":57,"column":0},"end":{"line":57,"column":13}},"58":{"start":{"line":59,"column":0},"end":{"line":59,"column":14}},"59":{"start":{"line":60,"column":0},"end":{"line":60,"column":14}},"61":{"start":{"line":62,"column":0},"end":{"line":62,"column":21}},"62":{"start":{"line":63,"column":0},"end":{"line":63,"column":12}},"63":{"start":{"line":64,"column":0},"end":{"line":64,"column":10}},"65":{"start":{"line":66,"column":0},"end":{"line":66,"column":1}}},"s":{"0":0,"2":0,"4":0,"5":0,"6":0,"7":0,"8":0,"9":0,"10":0,"11":0,"12":0,"13":0,"14":0,"15":0,"16":0,"17":0,"18":0,"19":0,"20":0,"21":0,"22":0,"23":0,"24":0,"25":0,"26":0,"27":0,"28":0,"29":0,"30":0,"31":0,"32":0,"33":0,"34":0,"35":0,"36":0,"37":0,"39":0,"40":0,"41":0,"42":0,"43":0,"44":0,"45":0,"46":0,"47":0,"48":0,"50":0,"51":0,"52":0,"53":0,"54":0,"55":0,"56":0,"58":0,"59":0,"61":0,"62":0,"63":0,"65":0},"branchMap":{"0":{"type":"branch","line":1,"loc":{"start":{"line":1,"column":1791},"end":{"line":66,"column":1}},"locations":[{"start":{"line":1,"column":1791},"end":{"line":66,"column":1}}]}},"b":{"0":[0]},"fnMap":{"0":{"name":"(empty-report)","decl":{"start":{"line":1,"column":1791},"end":{"line":66,"column":1}},"loc":{"start":{"line":1,"column":1791},"end":{"line":66,"column":1}},"line":1}},"f":{"0":0}}
,"C:\\ai_recuirter\\ai-recruiter\\components\\forms\\CompanySignupForm.tsx": {"path":"C:\\ai_recuirter\\ai-recruiter\\components\\forms\\CompanySignupForm.tsx","all":true,"statementMap":{"2":{"start":{"line":3,"column":0},"end":{"line":3,"column":33}},"3":{"start":{"line":4,"column":0},"end":{"line":4,"column":44}},"4":{"start":{"line":5,"column":0},"end":{"line":5,"column":42}},"6":{"start":{"line":7,"column":0},"end":{"line":7,"column":45}},"7":{"start":{"line":8,"column":0},"end":{"line":8,"column":53}},"8":{"start":{"line":9,"column":0},"end":{"line":9,"column":41}},"9":{"start":{"line":10,"column":0},"end":{"line":10,"column":47}},"11":{"start":{"line":12,"column":0},"end":{"line":12,"column":44}},"12":{"start":{"line":13,"column":0},"end":{"line":13,"column":23}},"13":{"start":{"line":14,"column":0},"end":{"line":14,"column":46}},"14":{"start":{"line":15,"column":0},"end":{"line":15,"column":4}},"16":{"start":{"line":17,"column":0},"end":{"line":17,"column":10}},"17":{"start":{"line":18,"column":0},"end":{"line":18,"column":56}},"18":{"start":{"line":19,"column":0},"end":{"line":19,"column":55}},"19":{"start":{"line":20,"column":0},"end":{"line":20,"column":110}},"21":{"start":{"line":22,"column":0},"end":{"line":22,"column":47}},"22":{"start":{"line":23,"column":0},"end":{"line":23,"column":105}},"24":{"start":{"line":25,"column":0},"end":{"line":25,"column":48}},"25":{"start":{"line":26,"column":0},"end":{"line":26,"column":117}},"27":{"start":{"line":28,"column":0},"end":{"line":28,"column":41}},"28":{"start":{"line":29,"column":0},"end":{"line":29,"column":53}},"29":{"start":{"line":30,"column":0},"end":{"line":30,"column":12}},"30":{"start":{"line":31,"column":0},"end":{"line":31,"column":11}},"32":{"start":{"line":33,"column":0},"end":{"line":33,"column":1}}},"s":{"2":0,"3":0,"4":0,"6":0,"7":0,"8":0,"9":0,"11":0,"12":0,"13":0,"14":0,"16":0,"17":0,"18":0,"19":0,"21":0,"22":0,"24":0,"25":0,"27":0,"28":0,"29":0,"30":0,"32":0},"branchMap":{"0":{"type":"branch","line":1,"loc":{"start":{"line":1,"column":1169},"end":{"line":33,"column":1}},"locations":[{"start":{"line":1,"column":1169},"end":{"line":33,"column":1}}]}},"b":{"0":[1]},"fnMap":{"0":{"name":"(empty-report)","decl":{"start":{"line":1,"column":1169},"end":{"line":33,"column":1}},"loc":{"start":{"line":1,"column":1169},"end":{"line":33,"column":1}},"line":1}},"f":{"0":1}}
,"C:\\ai_recuirter\\ai-recruiter\\components\\forms\\LoginForm.tsx": {"path":"C:\\ai_recuirter\\ai-recruiter\\components\\forms\\LoginForm.tsx","all":false,"statementMap":{"2":{"start":{"line":3,"column":0},"end":{"line":3,"column":33}},"3":{"start":{"line":4,"column":0},"end":{"line":4,"column":44}},"4":{"start":{"line":5,"column":0},"end":{"line":5,"column":42}},"12":{"start":{"line":13,"column":0},"end":{"line":13,"column":37}},"13":{"start":{"line":14,"column":0},"end":{"line":14,"column":41}},"14":{"start":{"line":15,"column":0},"end":{"line":15,"column":47}},"15":{"start":{"line":16,"column":0},"end":{"line":16,"column":48}},"16":{"start":{"line":17,"column":0},"end":{"line":17,"column":55}},"18":{"start":{"line":19,"column":0},"end":{"line":19,"column":39}},"19":{"start":{"line":20,"column":0},"end":{"line":20,"column":37}},"21":{"start":{"line":22,"column":0},"end":{"line":22,"column":17}},"22":{"start":{"line":23,"column":0},"end":{"line":23,"column":44}},"23":{"start":{"line":24,"column":0},"end":{"line":24,"column":45}},"24":{"start":{"line":25,"column":0},"end":{"line":25,"column":61}},"25":{"start":{"line":26,"column":0},"end":{"line":26,"column":5}},"27":{"start":{"line":28,"column":0},"end":{"line":28,"column":20}},"28":{"start":{"line":29,"column":0},"end":{"line":29,"column":50}},"29":{"start":{"line":30,"column":0},"end":{"line":30,"column":37}},"30":{"start":{"line":31,"column":0},"end":{"line":31,"column":68}},"31":{"start":{"line":32,"column":0},"end":{"line":32,"column":5}},"33":{"start":{"line":34,"column":0},"end":{"line":34,"column":25}},"34":{"start":{"line":35,"column":0},"end":{"line":35,"column":47}},"35":{"start":{"line":36,"column":0},"end":{"line":36,"column":4}},"37":{"start":{"line":38,"column":0},"end":{"line":38,"column":54}},"38":{"start":{"line":39,"column":0},"end":{"line":39,"column":23}},"40":{"start":{"line":41,"column":0},"end":{"line":41,"column":26}},"41":{"start":{"line":42,"column":0},"end":{"line":42,"column":13}},"42":{"start":{"line":43,"column":0},"end":{"line":43,"column":5}},"44":{"start":{"line":45,"column":0},"end":{"line":45,"column":21}},"45":{"start":{"line":46,"column":0},"end":{"line":46,"column":18}},"47":{"start":{"line":48,"column":0},"end":{"line":48,"column":9}},"49":{"start":{"line":50,"column":0},"end":{"line":50,"column":62}},"52":{"start":{"line":53,"column":0},"end":{"line":53,"column":45}},"55":{"start":{"line":56,"column":0},"end":{"line":56,"column":19}},"56":{"start":{"line":57,"column":0},"end":{"line":57,"column":22}},"57":{"start":{"line":58,"column":0},"end":{"line":58,"column":21}},"58":{"start":{"line":59,"column":0},"end":{"line":59,"column":64}},"59":{"start":{"line":60,"column":0},"end":{"line":60,"column":15}},"60":{"start":{"line":61,"column":0},"end":{"line":61,"column":24}},"61":{"start":{"line":62,"column":0},"end":{"line":62,"column":5}},"62":{"start":{"line":63,"column":0},"end":{"line":63,"column":4}},"64":{"start":{"line":65,"column":0},"end":{"line":65,"column":10}},"65":{"start":{"line":66,"column":0},"end":{"line":66,"column":17}},"66":{"start":{"line":67,"column":0},"end":{"line":67,"column":20}},"67":{"start":{"line":68,"column":0},"end":{"line":68,"column":23}},"68":{"start":{"line":69,"column":0},"end":{"line":69,"column":22}},"69":{"start":{"line":70,"column":0},"end":{"line":70,"column":30}},"70":{"start":{"line":71,"column":0},"end":{"line":71,"column":23}},"71":{"start":{"line":72,"column":0},"end":{"line":72,"column":89}},"72":{"start":{"line":73,"column":0},"end":{"line":73,"column":34}},"73":{"start":{"line":74,"column":0},"end":{"line":74,"column":7}},"74":{"start":{"line":75,"column":0},"end":{"line":75,"column":65}},"75":{"start":{"line":76,"column":0},"end":{"line":76,"column":20}},"76":{"start":{"line":77,"column":0},"end":{"line":77,"column":31}},"77":{"start":{"line":78,"column":0},"end":{"line":78,"column":26}},"78":{"start":{"line":79,"column":0},"end":{"line":79,"column":27}},"79":{"start":{"line":80,"column":0},"end":{"line":80,"column":20}},"80":{"start":{"line":81,"column":0},"end":{"line":81,"column":33}},"81":{"start":{"line":82,"column":0},"end":{"line":82,"column":11}},"83":{"start":{"line":84,"column":0},"end":{"line":84,"column":13}},"84":{"start":{"line":85,"column":0},"end":{"line":85,"column":19}},"85":{"start":{"line":86,"column":0},"end":{"line":86,"column":27}},"86":{"start":{"line":87,"column":0},"end":{"line":87,"column":20}},"87":{"start":{"line":88,"column":0},"end":{"line":88,"column":31}},"88":{"start":{"line":89,"column":0},"end":{"line":89,"column":11}},"90":{"start":{"line":91,"column":0},"end":{"line":91,"column":12}},"91":{"start":{"line":92,"column":0},"end":{"line":92,"column":12}},"93":{"start":{"line":94,"column":0},"end":{"line":94,"column":26}},"94":{"start":{"line":95,"column":0},"end":{"line":95,"column":21}},"95":{"start":{"line":96,"column":0},"end":{"line":96,"column":29}},"96":{"start":{"line":97,"column":0},"end":{"line":97,"column":37}},"97":{"start":{"line":98,"column":0},"end":{"line":98,"column":38}},"98":{"start":{"line":99,"column":0},"end":{"line":99,"column":26}},"99":{"start":{"line":100,"column":0},"end":{"line":100,"column":31}},"100":{"start":{"line":101,"column":0},"end":{"line":101,"column":27}},"101":{"start":{"line":102,"column":0},"end":{"line":102,"column":31}},"102":{"start":{"line":103,"column":0},"end":{"line":103,"column":11}},"103":{"start":{"line":104,"column":0},"end":{"line":104,"column":26}},"104":{"start":{"line":105,"column":0},"end":{"line":105,"column":14}},"107":{"start":{"line":108,"column":0},"end":{"line":108,"column":47}},"108":{"start":{"line":109,"column":0},"end":{"line":109,"column":14}},"109":{"start":{"line":110,"column":0},"end":{"line":110,"column":20}},"110":{"start":{"line":111,"column":0},"end":{"line":111,"column":22}},"111":{"start":{"line":112,"column":0},"end":{"line":112,"column":31}},"112":{"start":{"line":113,"column":0},"end":{"line":113,"column":23}},"113":{"start":{"line":114,"column":0},"end":{"line":114,"column":52}},"114":{"start":{"line":115,"column":0},"end":{"line":115,"column":30}},"115":{"start":{"line":116,"column":0},"end":{"line":116,"column":40}},"116":{"start":{"line":117,"column":0},"end":{"line":117,"column":18}},"117":{"start":{"line":118,"column":0},"end":{"line":118,"column":10}},"119":{"start":{"line":120,"column":0},"end":{"line":120,"column":14}},"120":{"start":{"line":121,"column":0},"end":{"line":121,"column":23}},"121":{"start":{"line":122,"column":0},"end":{"line":122,"column":25}},"122":{"start":{"line":123,"column":0},"end":{"line":123,"column":26}},"123":{"start":{"line":124,"column":0},"end":{"line":124,"column":26}},"124":{"start":{"line":125,"column":0},"end":{"line":125,"column":55}},"125":{"start":{"line":126,"column":0},"end":{"line":126,"column":33}},"126":{"start":{"line":127,"column":0},"end":{"line":127,"column":43}},"127":{"start":{"line":128,"column":0},"end":{"line":128,"column":18}},"128":{"start":{"line":129,"column":0},"end":{"line":129,"column":10}},"130":{"start":{"line":131,"column":0},"end":{"line":131,"column":45}},"131":{"start":{"line":132,"column":0},"end":{"line":132,"column":18}},"132":{"start":{"line":133,"column":0},"end":{"line":133,"column":26}},"133":{"start":{"line":134,"column":0},"end":{"line":134,"column":29}},"134":{"start":{"line":135,"column":0},"end":{"line":135,"column":30}},"135":{"start":{"line":136,"column":0},"end":{"line":136,"column":37}},"137":{"start":{"line":138,"column":0},"end":{"line":138,"column":51}},"138":{"start":{"line":139,"column":0},"end":{"line":139,"column":19}},"139":{"start":{"line":140,"column":0},"end":{"line":140,"column":14}},"140":{"start":{"line":141,"column":0},"end":{"line":141,"column":13}},"142":{"start":{"line":143,"column":0},"end":{"line":143,"column":19}},"143":{"start":{"line":144,"column":0},"end":{"line":144,"column":28}},"144":{"start":{"line":145,"column":0},"end":{"line":145,"column":28}},"145":{"start":{"line":146,"column":0},"end":{"line":146,"column":29}},"146":{"start":{"line":147,"column":0},"end":{"line":147,"column":25}},"147":{"start":{"line":148,"column":0},"end":{"line":148,"column":9}},"148":{"start":{"line":149,"column":0},"end":{"line":149,"column":52}},"149":{"start":{"line":150,"column":0},"end":{"line":150,"column":44}},"150":{"start":{"line":151,"column":0},"end":{"line":151,"column":13}},"151":{"start":{"line":152,"column":0},"end":{"line":152,"column":27}},"152":{"start":{"line":153,"column":0},"end":{"line":153,"column":20}},"153":{"start":{"line":154,"column":0},"end":{"line":154,"column":31}},"154":{"start":{"line":155,"column":0},"end":{"line":155,"column":37}},"155":{"start":{"line":156,"column":0},"end":{"line":156,"column":30}},"156":{"start":{"line":157,"column":0},"end":{"line":157,"column":14}},"157":{"start":{"line":158,"column":0},"end":{"line":158,"column":11}},"159":{"start":{"line":160,"column":0},"end":{"line":160,"column":14}},"160":{"start":{"line":161,"column":0},"end":{"line":161,"column":12}},"161":{"start":{"line":162,"column":0},"end":{"line":162,"column":42}},"162":{"start":{"line":163,"column":0},"end":{"line":163,"column":13}},"163":{"start":{"line":164,"column":0},"end":{"line":164,"column":36}},"164":{"start":{"line":165,"column":0},"end":{"line":165,"column":20}},"165":{"start":{"line":166,"column":0},"end":{"line":166,"column":31}},"166":{"start":{"line":167,"column":0},"end":{"line":167,"column":37}},"167":{"start":{"line":168,"column":0},"end":{"line":168,"column":30}},"168":{"start":{"line":169,"column":0},"end":{"line":169,"column":14}},"169":{"start":{"line":170,"column":0},"end":{"line":170,"column":11}},"171":{"start":{"line":172,"column":0},"end":{"line":172,"column":14}},"172":{"start":{"line":173,"column":0},"end":{"line":173,"column":12}},"173":{"start":{"line":174,"column":0},"end":{"line":174,"column":12}},"174":{"start":{"line":175,"column":0},"end":{"line":175,"column":10}},"176":{"start":{"line":177,"column":0},"end":{"line":177,"column":1}}},"s":{"2":1,"3":1,"4":1,"12":42,"13":42,"14":42,"15":42,"16":42,"18":42,"19":3,"21":3,"22":1,"23":3,"24":1,"25":1,"27":3,"28":1,"29":3,"30":1,"31":1,"33":3,"34":3,"35":3,"37":42,"38":3,"40":3,"41":2,"42":2,"44":1,"45":1,"47":1,"49":1,"52":1,"55":1,"56":1,"57":3,"58":0,"59":3,"60":1,"61":1,"62":3,"64":42,"65":42,"66":42,"67":42,"68":42,"69":42,"70":42,"71":42,"72":42,"73":42,"74":42,"75":42,"76":42,"77":42,"78":42,"79":42,"80":42,"81":42,"83":42,"84":42,"85":42,"86":42,"87":42,"88":42,"90":42,"91":42,"93":42,"94":0,"95":0,"96":0,"97":0,"98":0,"99":0,"100":0,"101":0,"102":0,"103":0,"104":0,"107":42,"108":42,"109":42,"110":42,"111":42,"112":42,"113":42,"114":42,"115":42,"116":42,"117":42,"119":42,"120":42,"121":42,"122":42,"123":42,"124":42,"125":42,"126":42,"127":42,"128":42,"130":42,"131":42,"132":42,"133":42,"134":42,"135":42,"137":42,"138":42,"139":42,"140":42,"142":42,"143":42,"144":42,"145":42,"146":42,"147":42,"148":42,"149":42,"150":42,"151":42,"152":42,"153":42,"154":42,"155":42,"156":42,"157":42,"159":42,"160":42,"161":42,"162":42,"163":42,"164":42,"165":42,"166":42,"167":42,"168":42,"169":42,"171":42,"172":42,"173":42,"174":42,"176":42},"branchMap":{"0":{"type":"branch","line":13,"loc":{"start":{"line":13,"column":0},"end":{"line":177,"column":1}},"locations":[{"start":{"line":13,"column":0},"end":{"line":177,"column":1}}]},"1":{"type":"branch","line":94,"loc":{"start":{"line":94,"column":14},"end":{"line":105,"column":14}},"locations":[{"start":{"line":94,"column":14},"end":{"line":105,"column":14}}]},"2":{"type":"branch","line":138,"loc":{"start":{"line":138,"column":13},"end":{"line":138,"column":41}},"locations":[{"start":{"line":138,"column":13},"end":{"line":138,"column":41}}]},"3":{"type":"branch","line":138,"loc":{"start":{"line":138,"column":23},"end":{"line":138,"column":51}},"locations":[{"start":{"line":138,"column":23},"end":{"line":138,"column":51}}]},"4":{"type":"branch","line":19,"loc":{"start":{"line":19,"column":23},"end":{"line":36,"column":4}},"locations":[{"start":{"line":19,"column":23},"end":{"line":36,"column":4}}]},"5":{"type":"branch","line":22,"loc":{"start":{"line":22,"column":16},"end":{"line":24,"column":15}},"locations":[{"start":{"line":22,"column":16},"end":{"line":24,"column":15}}]},"6":{"type":"branch","line":24,"loc":{"start":{"line":24,"column":4},"end":{"line":26,"column":5}},"locations":[{"start":{"line":24,"column":4},"end":{"line":26,"column":5}}]},"7":{"type":"branch","line":24,"loc":{"start":{"line":24,"column":44},"end":{"line":26,"column":5}},"locations":[{"start":{"line":24,"column":44},"end":{"line":26,"column":5}}]},"8":{"type":"branch","line":28,"loc":{"start":{"line":28,"column":19},"end":{"line":30,"column":15}},"locations":[{"start":{"line":28,"column":19},"end":{"line":30,"column":15}}]},"9":{"type":"branch","line":30,"loc":{"start":{"line":30,"column":4},"end":{"line":32,"column":5}},"locations":[{"start":{"line":30,"column":4},"end":{"line":32,"column":5}}]},"10":{"type":"branch","line":30,"loc":{"start":{"line":30,"column":36},"end":{"line":32,"column":5}},"locations":[{"start":{"line":30,"column":36},"end":{"line":32,"column":5}}]},"11":{"type":"branch","line":38,"loc":{"start":{"line":38,"column":23},"end":{"line":63,"column":4}},"locations":[{"start":{"line":38,"column":23},"end":{"line":63,"column":4}}]},"12":{"type":"branch","line":41,"loc":{"start":{"line":41,"column":25},"end":{"line":43,"column":5}},"locations":[{"start":{"line":41,"column":25},"end":{"line":43,"column":5}}]},"13":{"type":"branch","line":43,"loc":{"start":{"line":43,"column":4},"end":{"line":58,"column":13}},"locations":[{"start":{"line":43,"column":4},"end":{"line":58,"column":13}}]},"14":{"type":"branch","line":58,"loc":{"start":{"line":58,"column":4},"end":{"line":60,"column":6}},"locations":[{"start":{"line":58,"column":4},"end":{"line":60,"column":6}}]},"15":{"type":"branch","line":60,"loc":{"start":{"line":60,"column":4},"end":{"line":62,"column":5}},"locations":[{"start":{"line":60,"column":4},"end":{"line":62,"column":5}}]},"16":{"type":"branch","line":50,"loc":{"start":{"line":50,"column":24},"end":{"line":50,"column":60}},"locations":[{"start":{"line":50,"column":24},"end":{"line":50,"column":60}}]},"17":{"type":"branch","line":114,"loc":{"start":{"line":114,"column":20},"end":{"line":114,"column":52}},"locations":[{"start":{"line":114,"column":20},"end":{"line":114,"column":52}}]},"18":{"type":"branch","line":125,"loc":{"start":{"line":125,"column":20},"end":{"line":125,"column":55}},"locations":[{"start":{"line":125,"column":20},"end":{"line":125,"column":55}}]}},"b":{"0":[42],"1":[0],"2":[1],"3":[41],"4":[3],"5":[1],"6":[2],"7":[1],"8":[1],"9":[2],"10":[1],"11":[3],"12":[2],"13":[1],"14":[0],"15":[1],"16":[1],"17":[23],"18":[12]},"fnMap":{"0":{"name":"LoginForm","decl":{"start":{"line":13,"column":0},"end":{"line":177,"column":1}},"loc":{"start":{"line":13,"column":0},"end":{"line":177,"column":1}},"line":13},"1":{"name":"validateForm","decl":{"start":{"line":19,"column":23},"end":{"line":36,"column":4}},"loc":{"start":{"line":19,"column":23},"end":{"line":36,"column":4}},"line":19},"2":{"name":"handleSubmit","decl":{"start":{"line":38,"column":23},"end":{"line":63,"column":4}},"loc":{"start":{"line":38,"column":23},"end":{"line":63,"column":4}},"line":38},"3":{"name":"onChange","decl":{"start":{"line":114,"column":20},"end":{"line":114,"column":52}},"loc":{"start":{"line":114,"column":20},"end":{"line":114,"column":52}},"line":114},"4":{"name":"onChange","decl":{"start":{"line":125,"column":20},"end":{"line":125,"column":55}},"loc":{"start":{"line":125,"column":20},"end":{"line":125,"column":55}},"line":125}},"f":{"0":42,"1":3,"2":3,"3":23,"4":12}}
,"C:\\ai_recuirter\\ai-recruiter\\components\\layout\\Header.tsx": {"path":"C:\\ai_recuirter\\ai-recruiter\\components\\layout\\Header.tsx","all":true,"statementMap":{"0":{"start":{"line":1,"column":0},"end":{"line":1,"column":29}},"2":{"start":{"line":3,"column":0},"end":{"line":3,"column":34}},"3":{"start":{"line":4,"column":0},"end":{"line":4,"column":10}},"4":{"start":{"line":5,"column":0},"end":{"line":5,"column":12}},"5":{"start":{"line":6,"column":0},"end":{"line":6,"column":138}},"6":{"start":{"line":7,"column":0},"end":{"line":7,"column":92}},"7":{"start":{"line":8,"column":0},"end":{"line":8,"column":54}},"8":{"start":{"line":9,"column":0},"end":{"line":9,"column":42}},"9":{"start":{"line":10,"column":0},"end":{"line":10,"column":60}},"10":{"start":{"line":11,"column":0},"end":{"line":11,"column":14}},"11":{"start":{"line":12,"column":0},"end":{"line":12,"column":12}},"12":{"start":{"line":13,"column":0},"end":{"line":13,"column":13}},"14":{"start":{"line":15,"column":0},"end":{"line":15,"column":1}}},"s":{"0":0,"2":0,"3":0,"4":0,"5":0,"6":0,"7":0,"8":0,"9":0,"10":0,"11":0,"12":0,"14":0},"branchMap":{"0":{"type":"branch","line":1,"loc":{"start":{"line":1,"column":543},"end":{"line":15,"column":1}},"locations":[{"start":{"line":1,"column":543},"end":{"line":15,"column":1}}]}},"b":{"0":[0]},"fnMap":{"0":{"name":"(empty-report)","decl":{"start":{"line":1,"column":543},"end":{"line":15,"column":1}},"loc":{"start":{"line":1,"column":543},"end":{"line":15,"column":1}},"line":1}},"f":{"0":0}}
,"C:\\ai_recuirter\\ai-recruiter\\components\\ui\\Button.tsx": {"path":"C:\\ai_recuirter\\ai-recruiter\\components\\ui\\Button.tsx","all":false,"statementMap":{"11":{"start":{"line":12,"column":0},"end":{"line":12,"column":33}},"12":{"start":{"line":13,"column":0},"end":{"line":13,"column":23}},"13":{"start":{"line":14,"column":0},"end":{"line":14,"column":15}},"14":{"start":{"line":15,"column":0},"end":{"line":15,"column":19}},"15":{"start":{"line":16,"column":0},"end":{"line":16,"column":12}},"16":{"start":{"line":17,"column":0},"end":{"line":17,"column":11}},"17":{"start":{"line":18,"column":0},"end":{"line":18,"column":11}},"18":{"start":{"line":19,"column":0},"end":{"line":19,"column":17}},"19":{"start":{"line":20,"column":0},"end":{"line":20,"column":22}},"20":{"start":{"line":21,"column":0},"end":{"line":21,"column":27}},"21":{"start":{"line":22,"column":0},"end":{"line":22,"column":25}},"22":{"start":{"line":23,"column":0},"end":{"line":23,"column":29}},"23":{"start":{"line":24,"column":0},"end":{"line":24,"column":11}},"24":{"start":{"line":25,"column":0},"end":{"line":25,"column":20}},"25":{"start":{"line":26,"column":0},"end":{"line":26,"column":20}},"26":{"start":{"line":27,"column":0},"end":{"line":27,"column":19}},"27":{"start":{"line":28,"column":0},"end":{"line":28,"column":60}},"28":{"start":{"line":29,"column":0},"end":{"line":29,"column":32}},"29":{"start":{"line":30,"column":0},"end":{"line":30,"column":79}},"30":{"start":{"line":31,"column":0},"end":{"line":31,"column":99}},"31":{"start":{"line":32,"column":0},"end":{"line":32,"column":4}},"33":{"start":{"line":34,"column":0},"end":{"line":34,"column":25}},"34":{"start":{"line":35,"column":0},"end":{"line":35,"column":14}},"35":{"start":{"line":36,"column":0},"end":{"line":36,"column":28}},"36":{"start":{"line":37,"column":0},"end":{"line":37,"column":20}},"37":{"start":{"line":38,"column":0},"end":{"line":38,"column":72}},"38":{"start":{"line":39,"column":0},"end":{"line":39,"column":73}},"39":{"start":{"line":40,"column":0},"end":{"line":40,"column":6}},"40":{"start":{"line":41,"column":0},"end":{"line":41,"column":16}},"41":{"start":{"line":42,"column":0},"end":{"line":42,"column":28}},"42":{"start":{"line":43,"column":0},"end":{"line":43,"column":20}},"43":{"start":{"line":44,"column":0},"end":{"line":44,"column":72}},"44":{"start":{"line":45,"column":0},"end":{"line":45,"column":73}},"45":{"start":{"line":46,"column":0},"end":{"line":46,"column":6}},"46":{"start":{"line":47,"column":0},"end":{"line":47,"column":14}},"47":{"start":{"line":48,"column":0},"end":{"line":48,"column":32}},"48":{"start":{"line":49,"column":0},"end":{"line":49,"column":23}},"49":{"start":{"line":50,"column":0},"end":{"line":50,"column":34}},"50":{"start":{"line":51,"column":0},"end":{"line":51,"column":96}},"51":{"start":{"line":52,"column":0},"end":{"line":52,"column":73}},"52":{"start":{"line":53,"column":0},"end":{"line":53,"column":6}},"53":{"start":{"line":54,"column":0},"end":{"line":54,"column":4}},"55":{"start":{"line":56,"column":0},"end":{"line":56,"column":48}},"56":{"start":{"line":57,"column":0},"end":{"line":57,"column":41}},"58":{"start":{"line":59,"column":0},"end":{"line":59,"column":10}},"59":{"start":{"line":60,"column":0},"end":{"line":60,"column":11}},"60":{"start":{"line":61,"column":0},"end":{"line":61,"column":16}},"61":{"start":{"line":62,"column":0},"end":{"line":62,"column":27}},"62":{"start":{"line":63,"column":0},"end":{"line":63,"column":14}},"63":{"start":{"line":64,"column":0},"end":{"line":64,"column":22}},"64":{"start":{"line":65,"column":0},"end":{"line":65,"column":26}},"65":{"start":{"line":66,"column":0},"end":{"line":66,"column":38}},"66":{"start":{"line":67,"column":0},"end":{"line":67,"column":57}},"67":{"start":{"line":68,"column":0},"end":{"line":68,"column":8}},"69":{"start":{"line":70,"column":0},"end":{"line":70,"column":19}},"70":{"start":{"line":71,"column":0},"end":{"line":71,"column":12}},"71":{"start":{"line":72,"column":0},"end":{"line":72,"column":34}},"72":{"start":{"line":73,"column":0},"end":{"line":73,"column":20}},"73":{"start":{"line":74,"column":0},"end":{"line":74,"column":21}},"74":{"start":{"line":75,"column":0},"end":{"line":75,"column":29}},"75":{"start":{"line":76,"column":0},"end":{"line":76,"column":21}},"76":{"start":{"line":77,"column":0},"end":{"line":77,"column":44}},"78":{"start":{"line":79,"column":0},"end":{"line":79,"column":17}},"79":{"start":{"line":80,"column":0},"end":{"line":80,"column":19}},"80":{"start":{"line":81,"column":0},"end":{"line":81,"column":19}},"81":{"start":{"line":82,"column":0},"end":{"line":82,"column":18}},"82":{"start":{"line":83,"column":0},"end":{"line":83,"column":33}},"83":{"start":{"line":84,"column":0},"end":{"line":84,"column":27}},"84":{"start":{"line":85,"column":0},"end":{"line":85,"column":33}},"85":{"start":{"line":86,"column":0},"end":{"line":86,"column":36}},"86":{"start":{"line":87,"column":0},"end":{"line":87,"column":37}},"87":{"start":{"line":88,"column":0},"end":{"line":88,"column":20}},"88":{"start":{"line":89,"column":0},"end":{"line":89,"column":51}},"89":{"start":{"line":90,"column":0},"end":{"line":90,"column":14}},"90":{"start":{"line":91,"column":0},"end":{"line":91,"column":12}},"91":{"start":{"line":92,"column":0},"end":{"line":92,"column":14}},"93":{"start":{"line":94,"column":0},"end":{"line":94,"column":16}},"94":{"start":{"line":95,"column":0},"end":{"line":95,"column":13}},"96":{"start":{"line":97,"column":0},"end":{"line":97,"column":1}}},"s":{"11":42,"12":42,"13":42,"14":42,"15":42,"16":42,"17":42,"18":42,"19":42,"20":42,"21":42,"22":42,"23":42,"24":42,"25":42,"26":42,"27":42,"28":42,"29":42,"30":42,"31":42,"33":42,"34":42,"35":42,"36":42,"37":42,"38":42,"39":42,"40":42,"41":42,"42":42,"43":42,"44":42,"45":42,"46":42,"47":42,"48":42,"49":42,"50":42,"51":42,"52":42,"53":42,"55":42,"56":42,"58":42,"59":42,"60":42,"61":42,"62":42,"63":42,"64":42,"65":42,"66":42,"67":42,"69":42,"70":1,"71":1,"72":1,"73":1,"74":1,"75":1,"76":1,"78":1,"79":1,"80":1,"81":1,"82":1,"83":1,"84":1,"85":1,"86":1,"87":1,"88":1,"89":1,"90":1,"91":1,"93":42,"94":42,"96":42},"branchMap":{"0":{"type":"branch","line":12,"loc":{"start":{"line":12,"column":0},"end":{"line":97,"column":1}},"locations":[{"start":{"line":12,"column":0},"end":{"line":97,"column":1}}]},"1":{"type":"branch","line":28,"loc":{"start":{"line":28,"column":12},"end":{"line":28,"column":34}},"locations":[{"start":{"line":28,"column":12},"end":{"line":28,"column":34}}]},"2":{"type":"branch","line":28,"loc":{"start":{"line":28,"column":24},"end":{"line":28,"column":50}},"locations":[{"start":{"line":28,"column":24},"end":{"line":28,"column":50}}]},"3":{"type":"branch","line":28,"loc":{"start":{"line":28,"column":34},"end":{"line":28,"column":60}},"locations":[{"start":{"line":28,"column":34},"end":{"line":28,"column":60}}]},"4":{"type":"branch","line":30,"loc":{"start":{"line":30,"column":23},"end":{"line":30,"column":43}},"locations":[{"start":{"line":30,"column":23},"end":{"line":30,"column":43}}]},"5":{"type":"branch","line":30,"loc":{"start":{"line":30,"column":52},"end":{"line":30,"column":72}},"locations":[{"start":{"line":30,"column":52},"end":{"line":30,"column":72}}]},"6":{"type":"branch","line":31,"loc":{"start":{"line":31,"column":22},"end":{"line":31,"column":48}},"locations":[{"start":{"line":31,"column":22},"end":{"line":31,"column":48}}]},"7":{"type":"branch","line":31,"loc":{"start":{"line":31,"column":57},"end":{"line":31,"column":84}},"locations":[{"start":{"line":31,"column":57},"end":{"line":31,"column":84}}]},"8":{"type":"branch","line":38,"loc":{"start":{"line":38,"column":18},"end":{"line":38,"column":41}},"locations":[{"start":{"line":38,"column":18},"end":{"line":38,"column":41}}]},"9":{"type":"branch","line":38,"loc":{"start":{"line":38,"column":31},"end":{"line":38,"column":69}},"locations":[{"start":{"line":38,"column":31},"end":{"line":38,"column":69}}]},"10":{"type":"branch","line":38,"loc":{"start":{"line":38,"column":65},"end":{"line":38,"column":72}},"locations":[{"start":{"line":38,"column":65},"end":{"line":38,"column":72}}]},"11":{"type":"branch","line":39,"loc":{"start":{"line":39,"column":19},"end":{"line":39,"column":42}},"locations":[{"start":{"line":39,"column":19},"end":{"line":39,"column":42}}]},"12":{"type":"branch","line":39,"loc":{"start":{"line":39,"column":32},"end":{"line":39,"column":70}},"locations":[{"start":{"line":39,"column":32},"end":{"line":39,"column":70}}]},"13":{"type":"branch","line":39,"loc":{"start":{"line":39,"column":66},"end":{"line":39,"column":73}},"locations":[{"start":{"line":39,"column":66},"end":{"line":39,"column":73}}]},"14":{"type":"branch","line":44,"loc":{"start":{"line":44,"column":18},"end":{"line":44,"column":41}},"locations":[{"start":{"line":44,"column":18},"end":{"line":44,"column":41}}]},"15":{"type":"branch","line":44,"loc":{"start":{"line":44,"column":31},"end":{"line":44,"column":69}},"locations":[{"start":{"line":44,"column":31},"end":{"line":44,"column":69}}]},"16":{"type":"branch","line":44,"loc":{"start":{"line":44,"column":65},"end":{"line":44,"column":72}},"locations":[{"start":{"line":44,"column":65},"end":{"line":44,"column":72}}]},"17":{"type":"branch","line":45,"loc":{"start":{"line":45,"column":19},"end":{"line":45,"column":42}},"locations":[{"start":{"line":45,"column":19},"end":{"line":45,"column":42}}]},"18":{"type":"branch","line":45,"loc":{"start":{"line":45,"column":32},"end":{"line":45,"column":70}},"locations":[{"start":{"line":45,"column":32},"end":{"line":45,"column":70}}]},"19":{"type":"branch","line":45,"loc":{"start":{"line":45,"column":66},"end":{"line":45,"column":73}},"locations":[{"start":{"line":45,"column":66},"end":{"line":45,"column":73}}]},"20":{"type":"branch","line":51,"loc":{"start":{"line":51,"column":18},"end":{"line":51,"column":41}},"locations":[{"start":{"line":51,"column":18},"end":{"line":51,"column":41}}]},"21":{"type":"branch","line":51,"loc":{"start":{"line":51,"column":31},"end":{"line":51,"column":93}},"locations":[{"start":{"line":51,"column":31},"end":{"line":51,"column":93}}]},"22":{"type":"branch","line":51,"loc":{"start":{"line":51,"column":89},"end":{"line":51,"column":96}},"locations":[{"start":{"line":51,"column":89},"end":{"line":51,"column":96}}]},"23":{"type":"branch","line":52,"loc":{"start":{"line":52,"column":19},"end":{"line":52,"column":42}},"locations":[{"start":{"line":52,"column":19},"end":{"line":52,"column":42}}]},"24":{"type":"branch","line":52,"loc":{"start":{"line":52,"column":32},"end":{"line":52,"column":70}},"locations":[{"start":{"line":52,"column":32},"end":{"line":52,"column":70}}]},"25":{"type":"branch","line":52,"loc":{"start":{"line":52,"column":66},"end":{"line":52,"column":73}},"locations":[{"start":{"line":52,"column":66},"end":{"line":52,"column":73}}]},"26":{"type":"branch","line":57,"loc":{"start":{"line":57,"column":21},"end":{"line":57,"column":41}},"locations":[{"start":{"line":57,"column":21},"end":{"line":57,"column":41}}]},"27":{"type":"branch","line":66,"loc":{"start":{"line":66,"column":17},"end":{"line":66,"column":36}},"locations":[{"start":{"line":66,"column":17},"end":{"line":66,"column":36}}]},"28":{"type":"branch","line":66,"loc":{"start":{"line":66,"column":30},"end":{"line":66,"column":38}},"locations":[{"start":{"line":66,"column":30},"end":{"line":66,"column":38}}]},"29":{"type":"branch","line":67,"loc":{"start":{"line":67,"column":12},"end":{"line":67,"column":30}},"locations":[{"start":{"line":67,"column":12},"end":{"line":67,"column":30}}]},"30":{"type":"branch","line":67,"loc":{"start":{"line":67,"column":26},"end":{"line":67,"column":57}},"locations":[{"start":{"line":67,"column":26},"end":{"line":67,"column":57}}]},"31":{"type":"branch","line":70,"loc":{"start":{"line":70,"column":7},"end":{"line":92,"column":14}},"locations":[{"start":{"line":70,"column":7},"end":{"line":92,"column":14}}]}},"b":{"0":[42],"1":[41],"2":[1],"3":[41],"4":[0],"5":[0],"6":[0],"7":[0],"8":[41],"9":[41],"10":[1],"11":[41],"12":[41],"13":[1],"14":[41],"15":[41],"16":[1],"17":[41],"18":[41],"19":[1],"20":[41],"21":[41],"22":[1],"23":[41],"24":[41],"25":[1],"26":[41],"27":[1],"28":[41],"29":[1],"30":[41],"31":[1]},"fnMap":{"0":{"name":"Button","decl":{"start":{"line":12,"column":0},"end":{"line":97,"column":1}},"loc":{"start":{"line":12,"column":0},"end":{"line":97,"column":1}},"line":12}},"f":{"0":42}}
,"C:\\ai_recuirter\\ai-recruiter\\components\\ui\\Input.tsx": {"path":"C:\\ai_recuirter\\ai-recruiter\\components\\ui\\Input.tsx","all":false,"statementMap":{"2":{"start":{"line":3,"column":0},"end":{"line":3,"column":66}},"10":{"start":{"line":11,"column":0},"end":{"line":11,"column":55}},"11":{"start":{"line":12,"column":0},"end":{"line":12,"column":63}},"12":{"start":{"line":13,"column":0},"end":{"line":13,"column":54}},"14":{"start":{"line":15,"column":0},"end":{"line":15,"column":12}},"15":{"start":{"line":16,"column":0},"end":{"line":16,"column":44}},"16":{"start":{"line":17,"column":0},"end":{"line":17,"column":19}},"17":{"start":{"line":18,"column":0},"end":{"line":18,"column":17}},"18":{"start":{"line":19,"column":0},"end":{"line":19,"column":31}},"19":{"start":{"line":20,"column":0},"end":{"line":20,"column":20}},"20":{"start":{"line":21,"column":0},"end":{"line":21,"column":31}},"21":{"start":{"line":22,"column":0},"end":{"line":22,"column":37}},"22":{"start":{"line":23,"column":0},"end":{"line":23,"column":35}},"23":{"start":{"line":24,"column":0},"end":{"line":24,"column":30}},"24":{"start":{"line":25,"column":0},"end":{"line":25,"column":31}},"25":{"start":{"line":26,"column":0},"end":{"line":26,"column":14}},"27":{"start":{"line":28,"column":0},"end":{"line":28,"column":19}},"28":{"start":{"line":29,"column":0},"end":{"line":29,"column":18}},"30":{"start":{"line":31,"column":0},"end":{"line":31,"column":14}},"31":{"start":{"line":32,"column":0},"end":{"line":32,"column":19}},"32":{"start":{"line":33,"column":0},"end":{"line":33,"column":20}},"33":{"start":{"line":34,"column":0},"end":{"line":34,"column":18}},"34":{"start":{"line":35,"column":0},"end":{"line":35,"column":26}},"35":{"start":{"line":36,"column":0},"end":{"line":36,"column":36}},"36":{"start":{"line":37,"column":0},"end":{"line":37,"column":28}},"37":{"start":{"line":38,"column":0},"end":{"line":38,"column":89}},"38":{"start":{"line":39,"column":0},"end":{"line":39,"column":29}},"39":{"start":{"line":40,"column":0},"end":{"line":40,"column":40}},"40":{"start":{"line":41,"column":0},"end":{"line":41,"column":28}},"41":{"start":{"line":42,"column":0},"end":{"line":42,"column":89}},"42":{"start":{"line":43,"column":0},"end":{"line":43,"column":12}},"43":{"start":{"line":44,"column":0},"end":{"line":44,"column":44}},"44":{"start":{"line":45,"column":0},"end":{"line":45,"column":44}},"45":{"start":{"line":46,"column":0},"end":{"line":46,"column":10}},"46":{"start":{"line":47,"column":0},"end":{"line":47,"column":19}},"47":{"start":{"line":48,"column":0},"end":{"line":48,"column":21}},"48":{"start":{"line":49,"column":0},"end":{"line":49,"column":33}},"49":{"start":{"line":50,"column":0},"end":{"line":50,"column":32}},"50":{"start":{"line":51,"column":0},"end":{"line":51,"column":29}},"51":{"start":{"line":52,"column":0},"end":{"line":52,"column":13}},"52":{"start":{"line":53,"column":0},"end":{"line":53,"column":19}},"53":{"start":{"line":54,"column":0},"end":{"line":54,"column":14}},"55":{"start":{"line":56,"column":0},"end":{"line":56,"column":34}},"56":{"start":{"line":57,"column":0},"end":{"line":57,"column":21}},"57":{"start":{"line":58,"column":0},"end":{"line":58,"column":33}},"58":{"start":{"line":59,"column":0},"end":{"line":59,"column":32}},"59":{"start":{"line":60,"column":0},"end":{"line":60,"column":29}},"60":{"start":{"line":61,"column":0},"end":{"line":61,"column":13}},"61":{"start":{"line":62,"column":0},"end":{"line":62,"column":24}},"62":{"start":{"line":63,"column":0},"end":{"line":63,"column":14}},"64":{"start":{"line":65,"column":0},"end":{"line":65,"column":12}},"66":{"start":{"line":67,"column":0},"end":{"line":67,"column":3}},"67":{"start":{"line":68,"column":0},"end":{"line":68,"column":2}},"69":{"start":{"line":70,"column":0},"end":{"line":70,"column":28}},"71":{"start":{"line":72,"column":0},"end":{"line":72,"column":21}}},"s":{"2":1,"10":1,"11":1,"12":92,"14":92,"15":92,"16":92,"17":92,"18":92,"19":92,"20":92,"21":92,"22":92,"23":92,"24":92,"25":92,"27":92,"28":92,"30":92,"31":92,"32":92,"33":92,"34":92,"35":92,"36":92,"37":92,"38":92,"39":92,"40":92,"41":92,"42":92,"43":92,"44":92,"45":92,"46":92,"47":28,"48":28,"49":28,"50":28,"51":28,"52":28,"53":28,"55":92,"56":0,"57":0,"58":0,"59":0,"60":0,"61":0,"62":0,"64":92,"66":92,"67":1,"69":1,"71":1},"branchMap":{"0":{"type":"branch","line":12,"loc":{"start":{"line":12,"column":2},"end":{"line":67,"column":3}},"locations":[{"start":{"line":12,"column":2},"end":{"line":67,"column":3}}]},"1":{"type":"branch","line":38,"loc":{"start":{"line":38,"column":33},"end":{"line":38,"column":53}},"locations":[{"start":{"line":38,"column":33},"end":{"line":38,"column":53}}]},"2":{"type":"branch","line":38,"loc":{"start":{"line":38,"column":41},"end":{"line":38,"column":86}},"locations":[{"start":{"line":38,"column":41},"end":{"line":38,"column":86}}]},"3":{"type":"branch","line":38,"loc":{"start":{"line":38,"column":53},"end":{"line":38,"column":77}},"locations":[{"start":{"line":38,"column":53},"end":{"line":38,"column":77}}]},"4":{"type":"branch","line":38,"loc":{"start":{"line":38,"column":65},"end":{"line":38,"column":86}},"locations":[{"start":{"line":38,"column":65},"end":{"line":38,"column":86}}]},"5":{"type":"branch","line":42,"loc":{"start":{"line":42,"column":23},"end":{"line":42,"column":45}},"locations":[{"start":{"line":42,"column":23},"end":{"line":42,"column":45}}]},"6":{"type":"branch","line":42,"loc":{"start":{"line":42,"column":37},"end":{"line":42,"column":82}},"locations":[{"start":{"line":42,"column":37},"end":{"line":42,"column":82}}]},"7":{"type":"branch","line":42,"loc":{"start":{"line":42,"column":45},"end":{"line":42,"column":89}},"locations":[{"start":{"line":42,"column":45},"end":{"line":42,"column":89}}]},"8":{"type":"branch","line":47,"loc":{"start":{"line":47,"column":9},"end":{"line":54,"column":14}},"locations":[{"start":{"line":47,"column":9},"end":{"line":54,"column":14}}]},"9":{"type":"branch","line":56,"loc":{"start":{"line":56,"column":9},"end":{"line":56,"column":34}},"locations":[{"start":{"line":56,"column":9},"end":{"line":56,"column":34}}]},"10":{"type":"branch","line":56,"loc":{"start":{"line":56,"column":24},"end":{"line":63,"column":14}},"locations":[{"start":{"line":56,"column":24},"end":{"line":63,"column":14}}]},"11":{"type":"branch","line":44,"loc":{"start":{"line":44,"column":19},"end":{"line":44,"column":44}},"locations":[{"start":{"line":44,"column":19},"end":{"line":44,"column":44}}]},"12":{"type":"branch","line":45,"loc":{"start":{"line":45,"column":18},"end":{"line":45,"column":44}},"locations":[{"start":{"line":45,"column":18},"end":{"line":45,"column":44}}]}},"b":{"0":[92],"1":[28],"2":[64],"3":[27],"4":[37],"5":[39],"6":[27],"7":[65],"8":[28],"9":[0],"10":[0],"11":[4],"12":[4]},"fnMap":{"0":{"name":"onFocus","decl":{"start":{"line":44,"column":19},"end":{"line":44,"column":44}},"loc":{"start":{"line":44,"column":19},"end":{"line":44,"column":44}},"line":44},"1":{"name":"onBlur","decl":{"start":{"line":45,"column":18},"end":{"line":45,"column":44}},"loc":{"start":{"line":45,"column":18},"end":{"line":45,"column":44}},"line":45}},"f":{"0":4,"1":4}}
}
